;  LST file generated by mikroListExporter - v.2.0 
; Date/Time: 03/04/2019 19:07:31
;----------------------------------------------

;Address Opcode 	ASM
0x0000	0xF000EF12  	GOTO        36
_interrupt:
;P6A.c,1 :: 		void interrupt(){
;P6A.c,3 :: 		INTCON.TMR0IF=0; //pone flag Timer0 a 0
0x0008	0x94F2      	BCF         INTCON, 2 
;P6A.c,5 :: 		if(PORTC.B0==0){
0x000A	0xB082      	BTFSC       PORTC, 0 
0x000C	0xD005      	BRA         L_interrupt0
;P6A.c,6 :: 		TMR0L=106;
0x000E	0x0E6A      	MOVLW       106
0x0010	0x6ED6      	MOVWF       TMR0L 
;P6A.c,7 :: 		T0CON=0xC1;
0x0012	0x0EC1      	MOVLW       193
0x0014	0x6ED5      	MOVWF       T0CON 
;P6A.c,8 :: 		}else{
0x0016	0xD004      	BRA         L_interrupt1
L_interrupt0:
;P6A.c,9 :: 		TMR0L=81;
0x0018	0x0E51      	MOVLW       81
0x001A	0x6ED6      	MOVWF       TMR0L 
;P6A.c,10 :: 		T0CON=0xC2;
0x001C	0x0EC2      	MOVLW       194
0x001E	0x6ED5      	MOVWF       T0CON 
;P6A.c,11 :: 		}
L_interrupt1:
;P6A.c,12 :: 		PORTC.B0=~PORTC.B0;
0x0020	0x7082      	BTG         PORTC, 0 
;P6A.c,13 :: 		}
L_end_interrupt:
L__interrupt5:
0x0022	0x0011      	RETFIE      1
; end of _interrupt
_main:
;P6A.c,15 :: 		void main(){
;P6A.c,17 :: 		TRISC.B0=0; //indica que los puertos RC son de salida
0x0024	0x9094      	BCF         TRISC, 0 
;P6A.c,18 :: 		PORTC=0; //borra los valores almacenados en los puertos RC
0x0026	0x6A82      	CLRF        PORTC 
;P6A.c,19 :: 		T0CON=0xC1;
0x0028	0x0EC1      	MOVLW       193
0x002A	0x6ED5      	MOVWF       T0CON 
;P6A.c,20 :: 		INTCON.TMR0IF=0; //pone flag Timer0 a 0
0x002C	0x94F2      	BCF         INTCON, 2 
;P6A.c,21 :: 		INTCON.TMR0IE=1; //habilita interrupcion Timer0
0x002E	0x8AF2      	BSF         INTCON, 5 
;P6A.c,22 :: 		INTCON.GIE=1; //habilita interrupciones (general)
0x0030	0x8EF2      	BSF         INTCON, 7 
;P6A.c,23 :: 		TMR0L=106;
0x0032	0x0E6A      	MOVLW       106
0x0034	0x6ED6      	MOVWF       TMR0L 
;P6A.c,25 :: 		while(1);
L_main2:
0x0036	0xD7FF      	BRA         L_main2
;P6A.c,26 :: 		}
L_end_main:
0x0038	0xD7FF      	BRA         $+0
; end of _main
Symbol List:
//** Routines locations **
//ADDRESS    SIZE    PROCEDURE
//----------------------------------------------
0x0008      [28]    _interrupt
0x0024      [22]    _main
//** Variables locations ** 
//ADDRESS    SIZE    VARIABLE
//----------------------------------------------
0x0000       [1]    R0
0x0001       [1]    R1
0x0002       [1]    R2
0x0003       [1]    R3
0x0004       [1]    R4
0x0005       [1]    R5
0x0006       [1]    R6
0x0007       [1]    R7
0x0008       [1]    R8
0x0009       [1]    R9
0x000A       [1]    R10
0x000B       [1]    R11
0x000C       [1]    R12
0x000D       [1]    R13
0x000E       [1]    R14
0x000F       [1]    R15
0x0010       [1]    R16
0x0011       [1]    R17
0x0012       [1]    R18
0x0013       [1]    R19
0x0014       [1]    R20
0x0F82       [1]    PORTC
0x0F94       [1]    TRISC
0x0FD5       [1]    T0CON
0x0FD6       [1]    TMR0L
0x0FD8       [1]    STATUS
0x0FD9       [1]    FSR2L
0x0FDA       [1]    FSR2H
0x0FDE       [1]    POSTINC2
0x0FE0       [1]    BSR
0x0FE1       [1]    FSR1L
0x0FE2       [1]    FSR1H
0x0FE4       [1]    PREINC1
0x0FE6       [1]    POSTINC1
0x0FE7       [1]    INDF1
0x0FE8       [1]    WREG
0x0FE9       [1]    FSR0L
0x0FEA       [1]    FSR0H
0x0FEE       [1]    POSTINC0
0x0FF2       [1]    INTCON
0x0FF3       [1]    PRODL
0x0FF4       [1]    PRODH
0x0FF5       [1]    TABLAT
0x0FF6       [1]    TBLPTRL
0x0FF7       [1]    TBLPTRH
0x0FF8       [1]    TBLPTRU
