;  LST file generated by mikroListExporter - v.2.0 
; Date/Time: 28/02/2019 12:17:41
;----------------------------------------------

;Address Opcode 	ASM
0x0000	0xF000EF5D  	GOTO        186
_interrupt:
;Practica4B.c,7 :: 		void interrupt(){
0x0008	0xF018C000  	MOVFF       R0, 24
0x000C	0xF017C00B  	MOVFF       R11, 23
0x0010	0xF016C00C  	MOVFF       R12, 22
0x0014	0xF015C00D  	MOVFF       R13, 21
;Practica4B.c,8 :: 		INTCON.INT0IF=0;
0x0018	0x92F2      	BCF         INTCON, 1 
;Practica4B.c,9 :: 		if(girar==0){
0x001A	0x502D      	MOVF        _girar, 0 
0x001C	0x0A00      	XORLW       0
0x001E	0xE120      	BNZ         L_interrupt0
;Practica4B.c,10 :: 		for(i=5;i<10;i++){
0x0020	0x0E05      	MOVLW       5
0x0022	0x6E2E      	MOVWF       _i 
L_interrupt1:
0x0024	0x0E0A      	MOVLW       10
0x0026	0x5C2E      	SUBWF       _i, 0 
0x0028	0xE218      	BC          L_interrupt2
;Practica4B.c,11 :: 		delay_ms(200);
0x002A	0x0E03      	MOVLW       3
0x002C	0x6E0B      	MOVWF       R11, 0
0x002E	0x0E08      	MOVLW       8
0x0030	0x6E0C      	MOVWF       R12, 0
0x0032	0x0E77      	MOVLW       119
0x0034	0x6E0D      	MOVWF       R13, 0
L_interrupt4:
0x0036	0x2E0D      	DECFSZ      R13, 1, 0
0x0038	0xD7FE      	BRA         L_interrupt4
0x003A	0x2E0C      	DECFSZ      R12, 1, 0
0x003C	0xD7FC      	BRA         L_interrupt4
0x003E	0x2E0B      	DECFSZ      R11, 1, 0
0x0040	0xD7FA      	BRA         L_interrupt4
;Practica4B.c,12 :: 		PORTC=bobinas[i];
0x0042	0x0E19      	MOVLW       _bobinas
0x0044	0x6EE9      	MOVWF       FSR0L 
0x0046	0x0E00      	MOVLW       hi_addr(_bobinas)
0x0048	0x6EEA      	MOVWF       FSR0H 
0x004A	0x502E      	MOVF        _i, 0 
0x004C	0x26E9      	ADDWF       FSR0L, 1 
0x004E	0xB0D8      	BTFSC       STATUS, 0 
0x0050	0x2AEA      	INCF        FSR0H, 1 
0x0052	0xFF82CFEE  	MOVFF       POSTINC0, PORTC
;Practica4B.c,10 :: 		for(i=5;i<10;i++){
0x0056	0x2A2E      	INCF        _i, 1 
;Practica4B.c,14 :: 		}
0x0058	0xD7E5      	BRA         L_interrupt1
L_interrupt2:
;Practica4B.c,15 :: 		girar = 1;
0x005A	0x0E01      	MOVLW       1
0x005C	0x6E2D      	MOVWF       _girar 
;Practica4B.c,16 :: 		}
0x005E	0xD01C      	BRA         L_interrupt5
L_interrupt0:
;Practica4B.c,18 :: 		for(i=0;i<10;i++){
0x0060	0x6A2E      	CLRF        _i 
L_interrupt6:
0x0062	0x0E0A      	MOVLW       10
0x0064	0x5C2E      	SUBWF       _i, 0 
0x0066	0xE218      	BC          L_interrupt7
;Practica4B.c,19 :: 		delay_ms(200);
0x0068	0x0E03      	MOVLW       3
0x006A	0x6E0B      	MOVWF       R11, 0
0x006C	0x0E08      	MOVLW       8
0x006E	0x6E0C      	MOVWF       R12, 0
0x0070	0x0E77      	MOVLW       119
0x0072	0x6E0D      	MOVWF       R13, 0
L_interrupt9:
0x0074	0x2E0D      	DECFSZ      R13, 1, 0
0x0076	0xD7FE      	BRA         L_interrupt9
0x0078	0x2E0C      	DECFSZ      R12, 1, 0
0x007A	0xD7FC      	BRA         L_interrupt9
0x007C	0x2E0B      	DECFSZ      R11, 1, 0
0x007E	0xD7FA      	BRA         L_interrupt9
;Practica4B.c,20 :: 		PORTC=bobinas2[i];
0x0080	0x0E23      	MOVLW       _bobinas2
0x0082	0x6EE9      	MOVWF       FSR0L 
0x0084	0x0E00      	MOVLW       hi_addr(_bobinas2)
0x0086	0x6EEA      	MOVWF       FSR0H 
0x0088	0x502E      	MOVF        _i, 0 
0x008A	0x26E9      	ADDWF       FSR0L, 1 
0x008C	0xB0D8      	BTFSC       STATUS, 0 
0x008E	0x2AEA      	INCF        FSR0H, 1 
0x0090	0xFF82CFEE  	MOVFF       POSTINC0, PORTC
;Practica4B.c,18 :: 		for(i=0;i<10;i++){
0x0094	0x2A2E      	INCF        _i, 1 
;Practica4B.c,21 :: 		}
0x0096	0xD7E5      	BRA         L_interrupt6
L_interrupt7:
;Practica4B.c,23 :: 		}
L_interrupt5:
;Practica4B.c,24 :: 		}
L_end_interrupt:
L__interrupt14:
0x0098	0xF000C018  	MOVFF       24, R0
0x009C	0xF00BC017  	MOVFF       23, R11
0x00A0	0xF00CC016  	MOVFF       22, R12
0x00A4	0xF00DC015  	MOVFF       21, R13
0x00A8	0x0011      	RETFIE      1
; end of _interrupt
___CC2DW:
;__Lib_System.c,21 :: 		
;__Lib_System.c,23 :: 		
_CC2DL_Loop1:
;__Lib_System.c,24 :: 		
0x00AA	0x0009      	TBLRD*+
;__Lib_System.c,25 :: 		
0x00AC	0xFFE6CFF5  	MOVFF       TABLAT, POSTINC1
;__Lib_System.c,26 :: 		
0x00B0	0x0600      	DECF        R0, 1, 0
;__Lib_System.c,27 :: 		
0x00B2	0xE1FB      	BNZ         _CC2DL_Loop1
;__Lib_System.c,28 :: 		
0x00B4	0x0601      	DECF        R1, 1, 0
;__Lib_System.c,29 :: 		
0x00B6	0xE1F9      	BNZ         _CC2DL_Loop1
;__Lib_System.c,31 :: 		
L_end___CC2DW:
0x00B8	0x0012      	RETURN      0
; end of ___CC2DW
_main:
0x00BA	0xF000EC85  	CALL        266, 0
;Practica4B.c,26 :: 		void main() {
;Practica4B.c,27 :: 		ADCON1=0x07;
0x00BE	0x0E07      	MOVLW       7
0x00C0	0x6EC1      	MOVWF       ADCON1 
;Practica4B.c,28 :: 		TRISB.B0=1;
0x00C2	0x8093      	BSF         TRISB, 0 
;Practica4B.c,29 :: 		TRISC=0;
0x00C4	0x6A94      	CLRF        TRISC 
;Practica4B.c,30 :: 		INTCON2.INTEDG0=0;
0x00C6	0x9CF1      	BCF         INTCON2, 6 
;Practica4B.c,31 :: 		INTCON.INT0IF=0;
0x00C8	0x92F2      	BCF         INTCON, 1 
;Practica4B.c,32 :: 		INTCON.INT0IE=1;
0x00CA	0x88F2      	BSF         INTCON, 4 
;Practica4B.c,33 :: 		INTCON.GIE=1;
0x00CC	0x8EF2      	BSF         INTCON, 7 
;Practica4B.c,34 :: 		INTCON2.RBPU=0;
0x00CE	0x9EF1      	BCF         INTCON2, 7 
;Practica4B.c,35 :: 		PORTB=0;
0x00D0	0x6A81      	CLRF        PORTB 
;Practica4B.c,36 :: 		PORTC=0;
0x00D2	0x6A82      	CLRF        PORTC 
;Practica4B.c,37 :: 		PORTC.B1=1;
0x00D4	0x8282      	BSF         PORTC, 1 
;Practica4B.c,38 :: 		delay_ms(200);
0x00D6	0x0E03      	MOVLW       3
0x00D8	0x6E0B      	MOVWF       R11, 0
0x00DA	0x0E08      	MOVLW       8
0x00DC	0x6E0C      	MOVWF       R12, 0
0x00DE	0x0E77      	MOVLW       119
0x00E0	0x6E0D      	MOVWF       R13, 0
L_main10:
0x00E2	0x2E0D      	DECFSZ      R13, 1, 0
0x00E4	0xD7FE      	BRA         L_main10
0x00E6	0x2E0C      	DECFSZ      R12, 1, 0
0x00E8	0xD7FC      	BRA         L_main10
0x00EA	0x2E0B      	DECFSZ      R11, 1, 0
0x00EC	0xD7FA      	BRA         L_main10
;Practica4B.c,39 :: 		PORTC.B2=1;
0x00EE	0x8482      	BSF         PORTC, 2 
;Practica4B.c,41 :: 		while(1){
L_main11:
;Practica4B.c,42 :: 		}
0x00F0	0xD7FF      	BRA         L_main11
;Practica4B.c,43 :: 		}
L_end_main:
0x00F2	0xD7FF      	BRA         $+0
; end of _main
0x010A	0xF019EE10  	LFSR        1, 25
0x010E	0x0E15      	MOVLW       21
0x0110	0x6E00      	MOVWF       R0 
0x0112	0x0E01      	MOVLW       1
0x0114	0x6E01      	MOVWF       R1 
0x0116	0x0EF4      	MOVLW       244
0x0118	0x6EF6      	MOVWF       4086 
0x011A	0x0E00      	MOVLW       0
0x011C	0x6EF7      	MOVWF       TBLPTRH 
0x011E	0x0E00      	MOVLW       0
0x0120	0x6EF8      	MOVWF       TBLPTRU 
0x0122	0xF000EC55  	CALL        170, 0
0x0126	0x0012      	RETURN      0
;Practica4B.c,0 :: ?ICS_bobinas
0x00F4	0x0203 ;?ICS_bobinas+0
0x00F6	0x0904 ;?ICS_bobinas+2
0x00F8	0x0403 ;?ICS_bobinas+4
0x00FA	0x0908 ;?ICS_bobinas+6
0x00FC	0x0301 ;?ICS_bobinas+8
; end of ?ICS_bobinas
;Practica4B.c,0 :: ?ICS_bobinas2
0x00FE	0x0103 ;?ICS_bobinas2+0
0x0100	0x0809 ;?ICS_bobinas2+2
0x0102	0x0304 ;?ICS_bobinas2+4
0x0104	0x0409 ;?ICS_bobinas2+6
0x0106	0x0302 ;?ICS_bobinas2+8
; end of ?ICS_bobinas2
;Practica4B.c,0 :: ?ICS_girar
0x0108	0x00 ;?ICS_girar+0
; end of ?ICS_girar
Symbol List:
//** Routines locations **
//ADDRESS    SIZE    PROCEDURE
//----------------------------------------------
0x0008     [162]    _interrupt
0x00AA      [16]    ___CC2DW
0x00BA      [58]    _main
//** Variables locations ** 
//ADDRESS    SIZE    VARIABLE
//----------------------------------------------
0x0000       [1]    R0
0x0001       [1]    R1
0x0002       [1]    R2
0x0003       [1]    R3
0x0004       [1]    R4
0x0005       [1]    R5
0x0006       [1]    R6
0x0007       [1]    R7
0x0008       [1]    R8
0x0009       [1]    R9
0x000A       [1]    R10
0x000B       [1]    R11
0x000C       [1]    R12
0x000D       [1]    R13
0x000E       [1]    R14
0x000F       [1]    R15
0x0010       [1]    R16
0x0011       [1]    R17
0x0012       [1]    R18
0x0013       [1]    R19
0x0014       [1]    R20
0x0019      [10]    _bobinas
0x0023      [10]    _bobinas2
0x002D       [1]    _girar
0x002E       [1]    _i
0x0F81       [1]    PORTB
0x0F82       [1]    PORTC
0x0F93       [1]    TRISB
0x0F94       [1]    TRISC
0x0FC1       [1]    ADCON1
0x0FD8       [1]    STATUS
0x0FD9       [1]    FSR2L
0x0FDA       [1]    FSR2H
0x0FDE       [1]    POSTINC2
0x0FE0       [1]    BSR
0x0FE1       [1]    FSR1L
0x0FE2       [1]    FSR1H
0x0FE4       [1]    PREINC1
0x0FE6       [1]    POSTINC1
0x0FE7       [1]    INDF1
0x0FE8       [1]    WREG
0x0FE9       [1]    FSR0L
0x0FEA       [1]    FSR0H
0x0FEE       [1]    POSTINC0
0x0FF1       [1]    INTCON2
0x0FF2       [1]    INTCON
0x0FF3       [1]    PRODL
0x0FF4       [1]    PRODH
0x0FF5       [1]    TABLAT
0x0FF6       [1]    TBLPTRL
0x0FF7       [1]    TBLPTRH
0x0FF8       [1]    TBLPTRU
//** Constants locations ** 
//ADDRESS    SIZE    CONSTANT
//----------------------------------------------
0x00F4      [10]    ?ICS_bobinas
0x00FE      [10]    ?ICS_bobinas2
0x0108       [1]    ?ICS_girar
