;  LST file generated by mikroListExporter - v.2.0 
; Date/Time: 15/03/2019 14:17:07
;----------------------------------------------

;Address Opcode 	ASM
0x0000	0xF000EF16  	GOTO        44
_interrupt:
;Practica6A.c,3 :: 		void interrupt(){
;Practica6A.c,4 :: 		x=PORTB; // para poder borrar el bit RBIF (define x global)
0x0008	0xF015CF81  	MOVFF       PORTB, _x
;Practica6A.c,5 :: 		INTCON.RBIF=0; // se borra el bit RBIF después de llamar a la función
0x000C	0x90F2      	BCF         INTCON, 0 
;Practica6A.c,6 :: 		if(PORTC.B0=1) PORTC.B0=0;
0x000E	0x8082      	BSF         PORTC, 0 
0x0010	0xA082      	BTFSS       PORTC, 0 
0x0012	0xD002      	BRA         L_interrupt0
0x0014	0x9082      	BCF         PORTC, 0 
0x0016	0xD001      	BRA         L_interrupt1
L_interrupt0:
;Practica6A.c,8 :: 		PORTC.B0=0;
0x0018	0x9082      	BCF         PORTC, 0 
;Practica6A.c,9 :: 		}
L_interrupt1:
;Practica6A.c,10 :: 		}
L_end_interrupt:
L__interrupt5:
0x001A	0x0011      	RETFIE      1
; end of _interrupt
___CC2DW:
;__Lib_System.c,21 :: 		
;__Lib_System.c,23 :: 		
_CC2DL_Loop1:
;__Lib_System.c,24 :: 		
0x001C	0x0009      	TBLRD*+
;__Lib_System.c,25 :: 		
0x001E	0xFFE6CFF5  	MOVFF       TABLAT, POSTINC1
;__Lib_System.c,26 :: 		
0x0022	0x0600      	DECF        R0, 1, 0
;__Lib_System.c,27 :: 		
0x0024	0xE1FB      	BNZ         _CC2DL_Loop1
;__Lib_System.c,28 :: 		
0x0026	0x0601      	DECF        R1, 1, 0
;__Lib_System.c,29 :: 		
0x0028	0xE1F9      	BNZ         _CC2DL_Loop1
;__Lib_System.c,31 :: 		
L_end___CC2DW:
0x002A	0x0012      	RETURN      0
; end of ___CC2DW
_main:
0x002C	0x6A15      	CLRF        _x 
;Practica6A.c,11 :: 		void main() {
;Practica6A.c,12 :: 		PORTB=0;
0x002E	0x6A81      	CLRF        PORTB 
;Practica6A.c,13 :: 		INTCON2.RBPU=0; // se habilitan las resistencias de pullup del puerto B
0x0030	0x9EF1      	BCF         INTCON2, 7 
;Practica6A.c,14 :: 		x=PORTB; //para poder borrar el RBIF
0x0032	0xF015CF81  	MOVFF       PORTB, _x
;Practica6A.c,15 :: 		INTCON.RBIF=0;
0x0036	0x90F2      	BCF         INTCON, 0 
;Practica6A.c,16 :: 		INTCON.RBIE=1;
0x0038	0x86F2      	BSF         INTCON, 3 
;Practica6A.c,17 :: 		INTCON.GIE = 1;
0x003A	0x8EF2      	BSF         INTCON, 7 
;Practica6A.c,18 :: 		T0CON=0x80;
0x003C	0x0E80      	MOVLW       128
0x003E	0x6ED5      	MOVWF       T0CON 
;Practica6A.c,19 :: 		while(1){
L_main2:
;Practica6A.c,21 :: 		}
0x0040	0xD7FF      	BRA         L_main2
;Practica6A.c,23 :: 		}
L_end_main:
0x0042	0xD7FF      	BRA         $+0
; end of _main
Symbol List:
//** Routines locations **
//ADDRESS    SIZE    PROCEDURE
//----------------------------------------------
0x0008      [20]    _interrupt
0x001C      [16]    ___CC2DW
0x002C      [24]    _main
//** Variables locations ** 
//ADDRESS    SIZE    VARIABLE
//----------------------------------------------
0x0000       [1]    R0
0x0001       [1]    R1
0x0002       [1]    R2
0x0003       [1]    R3
0x0004       [1]    R4
0x0005       [1]    R5
0x0006       [1]    R6
0x0007       [1]    R7
0x0008       [1]    R8
0x0009       [1]    R9
0x000A       [1]    R10
0x000B       [1]    R11
0x000C       [1]    R12
0x000D       [1]    R13
0x000E       [1]    R14
0x000F       [1]    R15
0x0010       [1]    R16
0x0011       [1]    R17
0x0012       [1]    R18
0x0013       [1]    R19
0x0014       [1]    R20
0x0015       [1]    _x
0x0F81       [1]    PORTB
0x0F82       [1]    PORTC
0x0FD5       [1]    T0CON
0x0FD8       [1]    STATUS
0x0FD9       [1]    FSR2L
0x0FDA       [1]    FSR2H
0x0FDE       [1]    POSTINC2
0x0FE0       [1]    BSR
0x0FE1       [1]    FSR1L
0x0FE2       [1]    FSR1H
0x0FE4       [1]    PREINC1
0x0FE6       [1]    POSTINC1
0x0FE7       [1]    INDF1
0x0FE8       [1]    WREG
0x0FE9       [1]    FSR0L
0x0FEA       [1]    FSR0H
0x0FEE       [1]    POSTINC0
0x0FF1       [1]    INTCON2
0x0FF2       [1]    INTCON
0x0FF3       [1]    PRODL
0x0FF4       [1]    PRODH
0x0FF5       [1]    TABLAT
0x0FF6       [1]    TBLPTRL
0x0FF7       [1]    TBLPTRH
0x0FF8       [1]    TBLPTRU
